<?xml version="1.0" encoding="UTF-8"?>
<!-- Generated by org.testng.reporters.JUnitReportReporter -->
<testsuite skipped="0" hostname="Hossain" name="com.crmpro.page_testClass.HomePageTest" tests="2" failures="0" timestamp="23 Mar 2019 05:07:31 GMT" time="32.995" errors="0">
  <testcase name="varifyTable" time="16.485" classname="com.crmpro.page_testClass.HomePageTest"/>
  <testcase name="varifyContactLink" time="16.510" classname="com.crmpro.page_testClass.HomePageTest"/>
</testsuite> <!-- com.crmpro.page_testClass.HomePageTest -->
