<?xml version="1.0" encoding="UTF-8"?>
<!-- Generated by org.testng.reporters.JUnitReportReporter -->
<testsuite hostname="DESKTOP-15D6S6Q" name="com.crmpro.page_testClass.LogInPageTest" tests="1" failures="0" timestamp="18 Mar 2019 03:07:25 GMT" time="5.600" errors="0">
  <testcase name="LogInTest" time="5.600" classname="com.crmpro.page_testClass.LogInPageTest"/>
</testsuite>
