<?xml version="1.0" encoding="UTF-8"?>
<!-- Generated by org.testng.reporters.JUnitReportReporter -->
<testsuite skipped="0" hostname="Hossain" name="com.crmpro.page_testClass.HomePageTest" tests="2" failures="0" timestamp="21 Mar 2019 12:08:48 GMT" time="43.046" errors="0">
  <testcase name="varifyTable" time="18.873" classname="com.crmpro.page_testClass.HomePageTest"/>
  <testcase name="varifyContactLink" time="24.173" classname="com.crmpro.page_testClass.HomePageTest"/>
</testsuite> <!-- com.crmpro.page_testClass.HomePageTest -->
