<?xml version="1.0" encoding="UTF-8"?>
<!-- Generated by org.testng.reporters.JUnitReportReporter -->
<testsuite hostname="DESKTOP-15D6S6Q" name="com.crmpro.page_testClass.HomePageTest" tests="2" failures="0" timestamp="18 Mar 2019 03:07:25 GMT" time="4.924" errors="0">
  <testcase name="varifyTable" time="2.416" classname="com.crmpro.page_testClass.HomePageTest"/>
  <testcase name="varifyContactLink" time="2.508" classname="com.crmpro.page_testClass.HomePageTest"/>
</testsuite>
